<?xml version="1.0" encoding="UTF-8"?>
<testsuite name="Cucumber" time="31.578" tests="6" skipped="0" failures="1" errors="0">
<testcase classname="VerifyDashboardPageAccess" name="Login to ReportPortal with superadmin and verify that use is able to access dashboard page" time="12.576">
<system-out><![CDATA[
Given user launch the chrome browser........................................passed
When User opens the URL "http://localhost:8080/"............................passed
And Log in to the report portal with user "superadmin" and password "erebus".passed
Then Page title should be "Report Portal"...................................passed
And User closes the browser.................................................passed
]]></system-out>
</testcase>
<testcase classname="VerifyDashboardWidgetVisible" name="Verify that Dashboard page contains all given widgets - Example #1.1" time="15.352">
<failure type="org.openqa.selenium.NoSuchElementException" message="no such element: Unable to locate element: {&quot;method&quot;:&quot;xpath&quot;,&quot;selector&quot;:&quot;//*[@id='app']/div/div/div/div[2]/div[1]/div[1]/div/div[2]/div/div[2]/div[2]/div[2]/div/a&quot;}
  (Session info: chrome=114.0.5735.134)
For documentation on this error, please visit: https://selenium.dev/exceptions/#no_such_element
Build info: version: '4.8.3', revision: 'e5e76298c3'
System info: os.name: 'Windows 10', os.arch: 'amd64', os.version: '10.0', java.version: '11.0.19'
Driver info: org.openqa.selenium.chrome.ChromeDriver
Command: [3130cb6ae64e13d71dfe5e4ba1fcac9d, findElement {using=xpath, value=//*[@id='app']/div/div/div/div[2]/div[1]/div[1]/div/div[2]/div/div[2]/div[2]/div[2]/div/a}]
Capabilities {acceptInsecureCerts: false, browserName: chrome, browserVersion: 114.0.5735.134, chrome: {chromedriverVersion: 114.0.5735.90 (386bc09e8f4f..., userDataDir: C:\Users\SUWARN~1\AppData\L...}, goog:chromeOptions: {debuggerAddress: localhost:62596}, networkConnectionEnabled: false, pageLoadStrategy: normal, platformName: WINDOWS, proxy: Proxy(), se:cdp: ws://localhost:62596/devtoo..., se:cdpVersion: 114.0.5735.134, setWindowRect: true, strictFileInteractability: false, timeouts: {implicit: 0, pageLoad: 300000, script: 30000}, unhandledPromptBehavior: dismiss and notify, webauthn:extension:credBlob: true, webauthn:extension:largeBlob: true, webauthn:extension:minPinLength: true, webauthn:extension:prf: true, webauthn:virtualAuthenticators: true}
Session ID: 3130cb6ae64e13d71dfe5e4ba1fcac9d">
<![CDATA[org.openqa.selenium.NoSuchElementException: no such element: Unable to locate element: {"method":"xpath","selector":"//*[@id='app']/div/div/div/div[2]/div[1]/div[1]/div/div[2]/div/div[2]/div[2]/div[2]/div/a"}
  (Session info: chrome=114.0.5735.134)
For documentation on this error, please visit: https://selenium.dev/exceptions/#no_such_element
Build info: version: '4.8.3', revision: 'e5e76298c3'
System info: os.name: 'Windows 10', os.arch: 'amd64', os.version: '10.0', java.version: '11.0.19'
Driver info: org.openqa.selenium.chrome.ChromeDriver
Command: [3130cb6ae64e13d71dfe5e4ba1fcac9d, findElement {using=xpath, value=//*[@id='app']/div/div/div/div[2]/div[1]/div[1]/div/div[2]/div/div[2]/div[2]/div[2]/div/a}]
Capabilities {acceptInsecureCerts: false, browserName: chrome, browserVersion: 114.0.5735.134, chrome: {chromedriverVersion: 114.0.5735.90 (386bc09e8f4f..., userDataDir: C:\Users\SUWARN~1\AppData\L...}, goog:chromeOptions: {debuggerAddress: localhost:62596}, networkConnectionEnabled: false, pageLoadStrategy: normal, platformName: WINDOWS, proxy: Proxy(), se:cdp: ws://localhost:62596/devtoo..., se:cdpVersion: 114.0.5735.134, setWindowRect: true, strictFileInteractability: false, timeouts: {implicit: 0, pageLoad: 300000, script: 30000}, unhandledPromptBehavior: dismiss and notify, webauthn:extension:credBlob: true, webauthn:extension:largeBlob: true, webauthn:extension:minPinLength: true, webauthn:extension:prf: true, webauthn:virtualAuthenticators: true}
Session ID: 3130cb6ae64e13d71dfe5e4ba1fcac9d
	at java.base/jdk.internal.reflect.NativeConstructorAccessorImpl.newInstance0(Native Method)
	at java.base/jdk.internal.reflect.NativeConstructorAccessorImpl.newInstance(NativeConstructorAccessorImpl.java:62)
	at java.base/jdk.internal.reflect.DelegatingConstructorAccessorImpl.newInstance(DelegatingConstructorAccessorImpl.java:45)
	at java.base/java.lang.reflect.Constructor.newInstance(Constructor.java:490)
	at org.openqa.selenium.remote.codec.w3c.W3CHttpResponseCodec.createException(W3CHttpResponseCodec.java:200)
	at org.openqa.selenium.remote.codec.w3c.W3CHttpResponseCodec.decode(W3CHttpResponseCodec.java:133)
	at org.openqa.selenium.remote.codec.w3c.W3CHttpResponseCodec.decode(W3CHttpResponseCodec.java:53)
	at org.openqa.selenium.remote.HttpCommandExecutor.execute(HttpCommandExecutor.java:193)
	at org.openqa.selenium.remote.service.DriverCommandExecutor.invokeExecute(DriverCommandExecutor.java:183)
	at org.openqa.selenium.remote.service.DriverCommandExecutor.execute(DriverCommandExecutor.java:158)
	at org.openqa.selenium.remote.RemoteWebDriver.execute(RemoteWebDriver.java:543)
	at org.openqa.selenium.remote.ElementLocation$ElementFinder$2.findElement(ElementLocation.java:162)
	at org.openqa.selenium.remote.ElementLocation.findElement(ElementLocation.java:60)
	at org.openqa.selenium.remote.RemoteWebDriver.findElement(RemoteWebDriver.java:352)
	at org.openqa.selenium.remote.RemoteWebDriver.findElement(RemoteWebDriver.java:344)
	at org.openqa.selenium.support.pagefactory.DefaultElementLocator.findElement(DefaultElementLocator.java:70)
	at org.openqa.selenium.support.pagefactory.internal.LocatingElementHandler.invoke(LocatingElementHandler.java:39)
	at com.sun.proxy.$Proxy25.click(Unknown Source)
	at pageobject.Dashboard.clickOnDemoDashboard(Dashboard.java:19)
	at stepDefinitions.DashboardTests.user_clicks_on_demo_dashboard_and_get_the_total_widget_present_in_the_dashboard_page(DashboardTests.java:59)
	at ?.User clicks on DemoDashboard and get the total widget present in the dashboard page(file:///C:/AdvancedTraining/BDDFramework/./features/DashboardPage.feature:9)
]]>
</failure>
<system-out><![CDATA[
Given user launch the chrome browser........................................passed
When User opens the URL "http://localhost:8080/"............................passed
And Log in to the report portal with user "superadmin" and password "erebus".passed
Then Page title should be "Report Portal"...................................passed
And User clicks on DemoDashboard and get the total widget present in the dashboard page.failed
And Verify that DemoDashboard page contains "LAUNCH STATISTICS BAR".........skipped
And User closes the browser.................................................skipped
]]></system-out>
</testcase>
<testcase classname="VerifyDashboardPageAccess" name="Login to ReportPortal with superadmin and verify that use is able to access dashboard page" time="7.619">
<system-out><![CDATA[
Given user launch the chrome browser........................................passed
When User opens the URL "http://localhost:8080/"............................passed
And Log in to the report portal with user "default" and password "1q2w3e"...passed
Then Page title should be "Report Portal"...................................passed
And User closes the browser.................................................passed
]]></system-out>
</testcase>
<testcase classname="VerifyDashboardWidgetVisible" name="Verify that Widget contains all given items - Example #1.1" time="10.284">
<system-out><![CDATA[
Given user launch the chrome browser........................................passed
When User opens the URL "http://localhost:8080/"............................passed
And Log in to the report portal with user "superadmin" and password "erebus".passed
Then Page title should be "Report Portal"...................................passed
And User clicks on DemoDashboard and get the total widget present in the dashboard page.passed
And Verify that DemoDashboard page contains "LAUNCH STATISTICS AREA"........passed
And User closes the browser.................................................passed
]]></system-out>
</testcase>
<testcase classname="VerifyDashboardPageAccess" name="Login to ReportPortal with superadmin and verify that use is able to access dashboard page - Example #1.1" time="6.745">
<system-out><![CDATA[
Given user launch the chrome browser........................................passed
When User opens the URL "http://localhost:8080/"............................passed
And Log in to the report portal with user "superadmin" and password "erebus".passed
Then Page title should be "Report Portal"...................................passed
And User closes the browser.................................................passed
]]></system-out>
</testcase>
<testcase classname="VerifyDashboardPageAccess" name="Login to ReportPortal with superadmin and verify that use is able to access dashboard page - Example #1.2" time="4.241">
<system-out><![CDATA[
Given user launch the chrome browser........................................passed
When User opens the URL "http://localhost:8080/"............................passed
And Log in to the report portal with user "default" and password "1q2w3e"...passed
Then Page title should be "Report Portal"...................................passed
And User closes the browser.................................................passed
]]></system-out>
</testcase>
</testsuite>
